   1               		.file	"main.c"
   2               	__SREG__ = 0x3f
   3               	__SP_H__ = 0x3e
   4               	__SP_L__ = 0x3d
   5               	__CCP__  = 0x34
   6               	__tmp_reg__ = 0
   7               	__zero_reg__ = 1
  15               	.Ltext0:
  16               	.global	__vector_7
  18               	__vector_7:
  19               	.LFB6:
  20               	.LM1:
  21 0000 1F92      		push __zero_reg__
  22 0002 0F92      		push r0
  23 0004 0FB6      		in r0,__SREG__
  24 0006 0F92      		push r0
  25 0008 1124      		clr __zero_reg__
  26 000a 8F93      		push r24
  27               	/* prologue: Signal */
  28               	/* frame size = 0 */
  29               	.LM2:
  30 000c 8091 0000 		lds r24,digit
  31 0010 8F5F      		subi r24,lo8(-(1))
  32 0012 8093 0000 		sts digit,r24
  33               	.LM3:
  34 0016 8091 0000 		lds r24,digit
  35 001a 8A30      		cpi r24,lo8(10)
  36 001c 00F0      		brlo .L3
  37               	.LM4:
  38 001e 1092 0000 		sts digit,__zero_reg__
  39               	.LM5:
  40 0022 8091 0000 		lds r24,digit+1
  41 0026 8F5F      		subi r24,lo8(-(1))
  42 0028 8093 0000 		sts digit+1,r24
  43               	.LM6:
  44 002c 8091 0000 		lds r24,digit+1
  45 0030 8A30      		cpi r24,lo8(10)
  46 0032 00F0      		brlo .L3
  47               	.LM7:
  48 0034 1092 0000 		sts digit+1,__zero_reg__
  49               	.LM8:
  50 0038 8091 0000 		lds r24,digit+2
  51 003c 8F5F      		subi r24,lo8(-(1))
  52 003e 8093 0000 		sts digit+2,r24
  53               	.LM9:
  54 0042 8091 0000 		lds r24,digit+2
  55 0046 8A30      		cpi r24,lo8(10)
  56 0048 00F0      		brlo .L3
  57               	.LM10:
  58 004a 1092 0000 		sts digit+2,__zero_reg__
  59               	.LM11:
  60 004e 8091 0000 		lds r24,digit+3
  61 0052 8F5F      		subi r24,lo8(-(1))
  62 0054 8093 0000 		sts digit+3,r24
  63               	.LM12:
  64 0058 8091 0000 		lds r24,digit+3
  65 005c 8A30      		cpi r24,lo8(10)
  66 005e 00F0      		brlo .L3
  67               	.LM13:
  68 0060 1092 0000 		sts digit+3,__zero_reg__
  69               	.L3:
  70               	/* epilogue start */
  71               	.LM14:
  72 0064 8F91      		pop r24
  73 0066 0F90      		pop r0
  74 0068 0FBE      		out __SREG__,r0
  75 006a 0F90      		pop r0
  76 006c 1F90      		pop __zero_reg__
  77 006e 1895      		reti
  78               	.LFE6:
  80               	.global	__vector_10
  82               	__vector_10:
  83               	.LFB7:
  84               	.LM15:
  85 0070 1F92      		push __zero_reg__
  86 0072 0F92      		push r0
  87 0074 0FB6      		in r0,__SREG__
  88 0076 0F92      		push r0
  89 0078 1124      		clr __zero_reg__
  90 007a 2F93      		push r18
  91 007c 8F93      		push r24
  92 007e 9F93      		push r25
  93 0080 EF93      		push r30
  94 0082 FF93      		push r31
  95               	/* prologue: Signal */
  96               	/* frame size = 0 */
  97               	.LM16:
  98 0084 8091 0000 		lds r24,anode
  99 0088 8F5F      		subi r24,lo8(-(1))
 100 008a 8093 0000 		sts anode,r24
 101               	.LM17:
 102 008e 8091 0000 		lds r24,anode
 103 0092 8430      		cpi r24,lo8(4)
 104 0094 00F0      		brlo .L5
 105 0096 1092 0000 		sts anode,__zero_reg__
 106               	.L5:
 107               	.LM18:
 108 009a 2091 0000 		lds r18,anode
 109 009e 81E0      		ldi r24,lo8(1)
 110 00a0 90E0      		ldi r25,hi8(1)
 111 00a2 00C0      		rjmp 2f
 112 00a4 880F      	1:	lsl r24
 113 00a6 991F      		rol r25
 114 00a8 2A95      	2:	dec r18
 115 00aa 02F4      		brpl 1b
 116 00ac 8095      		com r24
 117 00ae 8BBB      		out 59-32,r24
 118               	.LM19:
 119 00b0 E091 0000 		lds r30,anode
 120 00b4 F0E0      		ldi r31,lo8(0)
 121 00b6 E050      		subi r30,lo8(-(digit))
 122 00b8 F040      		sbci r31,hi8(-(digit))
 123 00ba 8081      		ld r24,Z
 124 00bc 8823      		tst r24
 125 00be 01F4      		brne .L6
 126 00c0 80EC      		ldi r24,lo8(-64)
 127 00c2 85BB      		out 53-32,r24
 128               	.L6:
 129               	.LM20:
 130 00c4 E091 0000 		lds r30,anode
 131 00c8 F0E0      		ldi r31,lo8(0)
 132 00ca E050      		subi r30,lo8(-(digit))
 133 00cc F040      		sbci r31,hi8(-(digit))
 134 00ce 8081      		ld r24,Z
 135 00d0 8130      		cpi r24,lo8(1)
 136 00d2 01F4      		brne .L7
 137 00d4 89EF      		ldi r24,lo8(-7)
 138 00d6 85BB      		out 53-32,r24
 139               	.L7:
 140               	.LM21:
 141 00d8 E091 0000 		lds r30,anode
 142 00dc F0E0      		ldi r31,lo8(0)
 143 00de E050      		subi r30,lo8(-(digit))
 144 00e0 F040      		sbci r31,hi8(-(digit))
 145 00e2 8081      		ld r24,Z
 146 00e4 8230      		cpi r24,lo8(2)
 147 00e6 01F4      		brne .L8
 148 00e8 84EA      		ldi r24,lo8(-92)
 149 00ea 85BB      		out 53-32,r24
 150               	.L8:
 151               	.LM22:
 152 00ec E091 0000 		lds r30,anode
 153 00f0 F0E0      		ldi r31,lo8(0)
 154 00f2 E050      		subi r30,lo8(-(digit))
 155 00f4 F040      		sbci r31,hi8(-(digit))
 156 00f6 8081      		ld r24,Z
 157 00f8 8330      		cpi r24,lo8(3)
 158 00fa 01F4      		brne .L9
 159 00fc 80EB      		ldi r24,lo8(-80)
 160 00fe 85BB      		out 53-32,r24
 161               	.L9:
 162               	.LM23:
 163 0100 E091 0000 		lds r30,anode
 164 0104 F0E0      		ldi r31,lo8(0)
 165 0106 E050      		subi r30,lo8(-(digit))
 166 0108 F040      		sbci r31,hi8(-(digit))
 167 010a 8081      		ld r24,Z
 168 010c 8430      		cpi r24,lo8(4)
 169 010e 01F4      		brne .L10
 170 0110 89E9      		ldi r24,lo8(-103)
 171 0112 85BB      		out 53-32,r24
 172               	.L10:
 173               	.LM24:
 174 0114 E091 0000 		lds r30,anode
 175 0118 F0E0      		ldi r31,lo8(0)
 176 011a E050      		subi r30,lo8(-(digit))
 177 011c F040      		sbci r31,hi8(-(digit))
 178 011e 8081      		ld r24,Z
 179 0120 8530      		cpi r24,lo8(5)
 180 0122 01F4      		brne .L11
 181 0124 82E9      		ldi r24,lo8(-110)
 182 0126 85BB      		out 53-32,r24
 183               	.L11:
 184               	.LM25:
 185 0128 E091 0000 		lds r30,anode
 186 012c F0E0      		ldi r31,lo8(0)
 187 012e E050      		subi r30,lo8(-(digit))
 188 0130 F040      		sbci r31,hi8(-(digit))
 189 0132 8081      		ld r24,Z
 190 0134 8630      		cpi r24,lo8(6)
 191 0136 01F4      		brne .L12
 192 0138 82E8      		ldi r24,lo8(-126)
 193 013a 85BB      		out 53-32,r24
 194               	.L12:
 195               	.LM26:
 196 013c E091 0000 		lds r30,anode
 197 0140 F0E0      		ldi r31,lo8(0)
 198 0142 E050      		subi r30,lo8(-(digit))
 199 0144 F040      		sbci r31,hi8(-(digit))
 200 0146 8081      		ld r24,Z
 201 0148 8730      		cpi r24,lo8(7)
 202 014a 01F4      		brne .L13
 203 014c 88EF      		ldi r24,lo8(-8)
 204 014e 85BB      		out 53-32,r24
 205               	.L13:
 206               	.LM27:
 207 0150 E091 0000 		lds r30,anode
 208 0154 F0E0      		ldi r31,lo8(0)
 209 0156 E050      		subi r30,lo8(-(digit))
 210 0158 F040      		sbci r31,hi8(-(digit))
 211 015a 8081      		ld r24,Z
 212 015c 8830      		cpi r24,lo8(8)
 213 015e 01F4      		brne .L14
 214 0160 80E8      		ldi r24,lo8(-128)
 215 0162 85BB      		out 53-32,r24
 216               	.L14:
 217               	.LM28:
 218 0164 E091 0000 		lds r30,anode
 219 0168 F0E0      		ldi r31,lo8(0)
 220 016a E050      		subi r30,lo8(-(digit))
 221 016c F040      		sbci r31,hi8(-(digit))
 222 016e 8081      		ld r24,Z
 223 0170 8930      		cpi r24,lo8(9)
 224 0172 01F4      		brne .L16
 225 0174 80E9      		ldi r24,lo8(-112)
 226 0176 85BB      		out 53-32,r24
 227               	.L16:
 228               	/* epilogue start */
 229               	.LM29:
 230 0178 FF91      		pop r31
 231 017a EF91      		pop r30
 232 017c 9F91      		pop r25
 233 017e 8F91      		pop r24
 234 0180 2F91      		pop r18
 235 0182 0F90      		pop r0
 236 0184 0FBE      		out __SREG__,r0
 237 0186 0F90      		pop r0
 238 0188 1F90      		pop __zero_reg__
 239 018a 1895      		reti
 240               	.LFE7:
 242               	.global	main
 244               	main:
 245               	.LFB8:
 246               	.LM30:
 247               	/* prologue: function */
 248               	/* frame size = 0 */
 249               	.LM31:
 250 018c 8FEF      		ldi r24,lo8(-1)
 251 018e 8ABB      		out 58-32,r24
 252               	.LM32:
 253 0190 84BB      		out 52-32,r24
 254               	.LM33:
 255 0192 15BA      		out 53-32,__zero_reg__
 256               	.LM34:
 257 0194 83B7      		in r24,83-32
 258 0196 8860      		ori r24,lo8(8)
 259 0198 83BF      		out 83-32,r24
 260               	.LM35:
 261 019a 83B7      		in r24,83-32
 262 019c 8560      		ori r24,lo8(5)
 263 019e 83BF      		out 83-32,r24
 264               	.LM36:
 265 01a0 84E1      		ldi r24,lo8(20)
 266 01a2 8CBF      		out 92-32,r24
 267               	.LM37:
 268 01a4 89B7      		in r24,89-32
 269 01a6 8260      		ori r24,lo8(2)
 270 01a8 89BF      		out 89-32,r24
 271               	.LM38:
 272 01aa 8EB5      		in r24,78-32
 273 01ac 8D60      		ori r24,lo8(13)
 274 01ae 8EBD      		out 78-32,r24
 275               	.LM39:
 276 01b0 80E3      		ldi r24,lo8(10800)
 277 01b2 9AE2      		ldi r25,hi8(10800)
 278 01b4 9BBD      		out (74)+1-32,r25
 279 01b6 8ABD      		out 74-32,r24
 280               	.LM40:
 281 01b8 89B7      		in r24,89-32
 282 01ba 8061      		ori r24,lo8(16)
 283 01bc 89BF      		out 89-32,r24
 284               	.LM41:
 285               	/* #APP */
 286               	 ;  66 "main.c" 1
 287 01be 7894      		sei
 288               	 ;  0 "" 2
 289               	/* #NOAPP */
 290               	.L18:
 291 01c0 00C0      		rjmp .L18
 292               	.LFE8:
 294               	.global	anode
 295               	.global	anode
 296               		.section .bss
 299               	anode:
 300 0000 00        		.skip 1,0
 301               	.global	digit
 302               		.data
 305               	digit:
 306 0000 08        		.byte	8
 307 0001 09        		.byte	9
 308 0002 09        		.byte	9
 309 0003 09        		.byte	9
 350               	.Letext0:
DEFINED SYMBOLS
                            *ABS*:00000000 main.c
C:\Users\PSM07\AppData\Local\Temp/cc0obvDd.s:2      *ABS*:0000003f __SREG__
C:\Users\PSM07\AppData\Local\Temp/cc0obvDd.s:3      *ABS*:0000003e __SP_H__
C:\Users\PSM07\AppData\Local\Temp/cc0obvDd.s:4      *ABS*:0000003d __SP_L__
C:\Users\PSM07\AppData\Local\Temp/cc0obvDd.s:5      *ABS*:00000034 __CCP__
C:\Users\PSM07\AppData\Local\Temp/cc0obvDd.s:6      *ABS*:00000000 __tmp_reg__
C:\Users\PSM07\AppData\Local\Temp/cc0obvDd.s:7      *ABS*:00000001 __zero_reg__
C:\Users\PSM07\AppData\Local\Temp/cc0obvDd.s:18     .text:00000000 __vector_7
C:\Users\PSM07\AppData\Local\Temp/cc0obvDd.s:305    .data:00000000 digit
C:\Users\PSM07\AppData\Local\Temp/cc0obvDd.s:82     .text:00000070 __vector_10
C:\Users\PSM07\AppData\Local\Temp/cc0obvDd.s:299    .bss:00000000 anode
C:\Users\PSM07\AppData\Local\Temp/cc0obvDd.s:244    .text:0000018c main

UNDEFINED SYMBOLS
__do_copy_data
__do_clear_bss
